<?xml version="1.0" encoding="UTF-8"?>
<!-- Generated by org.testng.reporters.JUnitXMLReporter -->
<testsuite hostname="LAPTOP-5E3MODR9" ignored="0" name="Test" tests="12" failures="0" timestamp="2020-01-24T18:39:34 IST" time="66.228" errors="0">
  <testcase name="GetWeatherDetails" time="7.185" classname="com.test.SimpleGetTest"/>
  <testcase name="GetWeatherDetailsInvalidCity" time="0.729" classname="com.test.SimpleGetTest"/>
  <testcase name="GetWeatherDetailsStatus" time="2.376" classname="com.test.SimpleGetTest"/>
  <testcase name="VerifyCityInJsonResponse" time="2.106" classname="com.test.SimpleGetTest"/>
  <testcase name="VerifyCityInJsonResponseJson" time="0.583" classname="com.test.SimpleGetTest"/>
  <testcase name="WeatherMessageBody" time="46.36" classname="com.test.SimpleGetTest"/>
  <testcase name="GetWeatherDetailsInvalidCity" time="0.697" classname="com.test.SimpleGetTest1"/>
  <testcase name="VerifyCityInJsonResponse" time="1.613" classname="com.test.SimpleGetTest1"/>
  <testcase name="VerifyCityInJsonResponseJson" time="0.65" classname="com.test.SimpleGetTest1"/>
  <testcase name="WeatherMessageBody" time="0.598" classname="com.test.SimpleGetTest1"/>
  <testcase name="exampleRest" time="1.584" classname="com.WhetherTestcase"/>
  <testcase name="exampleRest2" time="1.679" classname="com.WhetherTestCase1"/>
</testsuite> <!-- Test -->
