<?xml version="1.0" encoding="UTF-8"?>
<testng-results skipped="0" failed="0" ignored="0" total="12" passed="12">
  <reporter-output>
  </reporter-output>
  <suite name="Suite" duration-ms="66228" started-at="2020-01-24T18:38:28 IST" finished-at="2020-01-24T18:39:34 IST">
    <groups>
    </groups>
    <test name="Test" duration-ms="66228" started-at="2020-01-24T18:38:28 IST" finished-at="2020-01-24T18:39:34 IST">
      <class name="com.WhetherTestcase">
        <test-method status="PASS" signature="exampleRest()[pri:0, instance:com.WhetherTestcase@cb5822]" name="exampleRest" duration-ms="1584" started-at="2020-01-24T18:39:31 IST" finished-at="2020-01-24T18:39:32 IST">
          <reporter-output>
          </reporter-output>
        </test-method> <!-- exampleRest -->
      </class> <!-- com.WhetherTestcase -->
      <class name="com.WhetherTestCase1">
        <test-method status="PASS" signature="exampleRest2()[pri:0, instance:com.WhetherTestCase1@4b9e13df]" name="exampleRest2" duration-ms="1679" started-at="2020-01-24T18:39:32 IST" finished-at="2020-01-24T18:39:34 IST">
          <reporter-output>
          </reporter-output>
        </test-method> <!-- exampleRest2 -->
      </class> <!-- com.WhetherTestCase1 -->
      <class name="com.test.SimpleGetTest1">
        <test-method status="PASS" signature="GetWeatherDetailsInvalidCity()[pri:0, instance:com.test.SimpleGetTest1@18be83e4]" name="GetWeatherDetailsInvalidCity" duration-ms="697" started-at="2020-01-24T18:39:27 IST" finished-at="2020-01-24T18:39:28 IST">
          <reporter-output>
          </reporter-output>
        </test-method> <!-- GetWeatherDetailsInvalidCity -->
        <test-method status="PASS" signature="VerifyCityInJsonResponse()[pri:0, instance:com.test.SimpleGetTest1@18be83e4]" name="VerifyCityInJsonResponse" duration-ms="1613" started-at="2020-01-24T18:39:28 IST" finished-at="2020-01-24T18:39:29 IST">
          <reporter-output>
          </reporter-output>
        </test-method> <!-- VerifyCityInJsonResponse -->
        <test-method status="PASS" signature="VerifyCityInJsonResponseJson()[pri:0, instance:com.test.SimpleGetTest1@18be83e4]" name="VerifyCityInJsonResponseJson" duration-ms="650" started-at="2020-01-24T18:39:29 IST" finished-at="2020-01-24T18:39:30 IST">
          <reporter-output>
          </reporter-output>
        </test-method> <!-- VerifyCityInJsonResponseJson -->
        <test-method status="PASS" signature="WeatherMessageBody()[pri:0, instance:com.test.SimpleGetTest1@18be83e4]" name="WeatherMessageBody" duration-ms="598" started-at="2020-01-24T18:39:30 IST" finished-at="2020-01-24T18:39:31 IST">
          <reporter-output>
          </reporter-output>
        </test-method> <!-- WeatherMessageBody -->
      </class> <!-- com.test.SimpleGetTest1 -->
      <class name="com.test.SimpleGetTest">
        <test-method status="PASS" signature="GetWeatherDetails()[pri:0, instance:com.test.SimpleGetTest@8bd1b6a]" name="GetWeatherDetails" duration-ms="7185" started-at="2020-01-24T18:38:28 IST" finished-at="2020-01-24T18:38:35 IST">
          <reporter-output>
          </reporter-output>
        </test-method> <!-- GetWeatherDetails -->
        <test-method status="PASS" signature="GetWeatherDetailsInvalidCity()[pri:0, instance:com.test.SimpleGetTest@8bd1b6a]" name="GetWeatherDetailsInvalidCity" duration-ms="729" started-at="2020-01-24T18:38:35 IST" finished-at="2020-01-24T18:38:36 IST">
          <reporter-output>
          </reporter-output>
        </test-method> <!-- GetWeatherDetailsInvalidCity -->
        <test-method status="PASS" signature="GetWeatherDetailsStatus()[pri:0, instance:com.test.SimpleGetTest@8bd1b6a]" name="GetWeatherDetailsStatus" duration-ms="2376" started-at="2020-01-24T18:38:36 IST" finished-at="2020-01-24T18:38:38 IST">
          <reporter-output>
          </reporter-output>
        </test-method> <!-- GetWeatherDetailsStatus -->
        <test-method status="PASS" signature="VerifyCityInJsonResponse()[pri:0, instance:com.test.SimpleGetTest@8bd1b6a]" name="VerifyCityInJsonResponse" duration-ms="2106" started-at="2020-01-24T18:38:38 IST" finished-at="2020-01-24T18:38:40 IST">
          <reporter-output>
          </reporter-output>
        </test-method> <!-- VerifyCityInJsonResponse -->
        <test-method status="PASS" signature="VerifyCityInJsonResponseJson()[pri:0, instance:com.test.SimpleGetTest@8bd1b6a]" name="VerifyCityInJsonResponseJson" duration-ms="583" started-at="2020-01-24T18:38:40 IST" finished-at="2020-01-24T18:38:41 IST">
          <reporter-output>
          </reporter-output>
        </test-method> <!-- VerifyCityInJsonResponseJson -->
        <test-method status="PASS" signature="WeatherMessageBody()[pri:0, instance:com.test.SimpleGetTest@8bd1b6a]" name="WeatherMessageBody" duration-ms="46360" started-at="2020-01-24T18:38:41 IST" finished-at="2020-01-24T18:39:27 IST">
          <reporter-output>
          </reporter-output>
        </test-method> <!-- WeatherMessageBody -->
      </class> <!-- com.test.SimpleGetTest -->
    </test> <!-- Test -->
  </suite> <!-- Suite -->
</testng-results>
