<?xml version="1.0" encoding="UTF-8"?>
<testsuite xmlns:xsi="http://www.w3.org/2001/XMLSchema-instance" xsi:schemaLocation="https://maven.apache.org/surefire/maven-surefire-plugin/xsd/surefire-test-report.xsd" name="TestSuite" time="69.137" tests="12" errors="0" skipped="0" failures="0">
  <properties>
[...]
</properties>
  <testcase name="GetWeatherDetails" classname="com.test.SimpleGetTest" time="7.187"/>
  <testcase name="GetWeatherDetailsInvalidCity" classname="com.test.SimpleGetTest" time="0.728"/>
  <testcase name="GetWeatherDetailsStatus" classname="com.test.SimpleGetTest" time="2.377"/>
  <testcase name="VerifyCityInJsonResponse" classname="com.test.SimpleGetTest" time="2.105"/>
  <testcase name="VerifyCityInJsonResponseJson" classname="com.test.SimpleGetTest" time="0.584"/>
  <testcase name="WeatherMessageBody" classname="com.test.SimpleGetTest" time="46.36"/>
  <testcase name="GetWeatherDetailsInvalidCity" classname="com.test.SimpleGetTest1" time="0.697"/>
  <testcase name="VerifyCityInJsonResponse" classname="com.test.SimpleGetTest1" time="1.614"/>
  <testcase name="VerifyCityInJsonResponseJson" classname="com.test.SimpleGetTest1" time="0.649"/>
  <testcase name="WeatherMessageBody" classname="com.test.SimpleGetTest1" time="0.599"/>
  <testcase name="exampleRest" classname="com.WhetherTestcase" time="1.584"/>
  <testcase name="exampleRest2" classname="com.WhetherTestCase1" time="1.679"/>
</testsuite>